e:\work\tju\oop\bighw\90-01-b2\debug\vc143.pdb
e:\work\tju\oop\bighw\90-01-b2\debug\vc143.idb
e:\work\tju\oop\bighw\90-01-b2\debug\90-01-b2-magic_ball_tools.obj
e:\work\tju\oop\bighw\90-01-b2\debug\90-01-b2-magic_ball_main.obj
e:\work\tju\oop\bighw\90-01-b2\debug\90-01-b2-magic_ball_graph.obj
e:\work\tju\oop\bighw\90-01-b2\debug\90-01-b2-magic_ball_base.obj
e:\work\tju\oop\bighw\90-01-b2\debug\menu.obj
e:\work\tju\oop\bighw\90-01-b2\debug\matrix.obj
e:\work\tju\oop\bighw\90-01-b2\debug\io_tools.obj
e:\work\tju\oop\bighw\90-01-b2\debug\cmd_console_tools.obj
e:\work\tju\oop\bighw\debug\90-01-b2.exe
e:\work\tju\oop\bighw\debug\90-01-b2.pdb
e:\work\tju\oop\bighw\90-01-b2\debug\90-01-b2.ilk
e:\work\tju\oop\bighw\90-01-b2\debug\90-01-b2.tlog\cl.command.1.tlog
e:\work\tju\oop\bighw\90-01-b2\debug\90-01-b2.tlog\cl.items.tlog
e:\work\tju\oop\bighw\90-01-b2\debug\90-01-b2.tlog\cl.read.1.tlog
e:\work\tju\oop\bighw\90-01-b2\debug\90-01-b2.tlog\cl.write.1.tlog
e:\work\tju\oop\bighw\90-01-b2\debug\90-01-b2.tlog\link.command.1.tlog
e:\work\tju\oop\bighw\90-01-b2\debug\90-01-b2.tlog\link.read.1.tlog
e:\work\tju\oop\bighw\90-01-b2\debug\90-01-b2.tlog\link.secondary.1.tlog
e:\work\tju\oop\bighw\90-01-b2\debug\90-01-b2.tlog\link.write.1.tlog
