e:\work\tju\oop\bighw\hw_check\debug\vc143.pdb
e:\work\tju\oop\bighw\hw_check\debug\vc143.idb
e:\work\tju\oop\bighw\hw_check\debug\second.obj
e:\work\tju\oop\bighw\hw_check\debug\first.obj
e:\work\tju\oop\bighw\hw_check\debug\check_main.obj
e:\work\tju\oop\bighw\hw_check\debug\base.obj
e:\work\tju\oop\bighw\hw_check\debug\class_cft.obj
e:\work\tju\oop\bighw\hw_check\debug\class_aat.obj
e:\work\tju\oop\bighw\hw_check\debug\sql.obj
e:\work\tju\oop\bighw\hw_check\debug\parser.obj
e:\work\tju\oop\bighw\hw_check\debug\debug.obj
e:\work\tju\oop\bighw\debug\hw_check.exe
e:\work\tju\oop\bighw\debug\hw_check.pdb
e:\work\tju\oop\bighw\hw_check\debug\hw_check.ilk
e:\work\tju\oop\bighw\hw_check\debug\hw_check.tlog\cl.command.1.tlog
e:\work\tju\oop\bighw\hw_check\debug\hw_check.tlog\cl.items.tlog
e:\work\tju\oop\bighw\hw_check\debug\hw_check.tlog\cl.read.1.tlog
e:\work\tju\oop\bighw\hw_check\debug\hw_check.tlog\cl.write.1.tlog
e:\work\tju\oop\bighw\hw_check\debug\hw_check.tlog\link.command.1.tlog
e:\work\tju\oop\bighw\hw_check\debug\hw_check.tlog\link.read.1.tlog
e:\work\tju\oop\bighw\hw_check\debug\hw_check.tlog\link.secondary.1.tlog
e:\work\tju\oop\bighw\hw_check\debug\hw_check.tlog\link.write.1.tlog
