e:\work\tju\oop\bighw\90-02-b1-gmw\debug\vc143.pdb
e:\work\tju\oop\bighw\90-02-b1-gmw\debug\vc143.idb
e:\work\tju\oop\bighw\90-02-b1-gmw\debug\90-02-b1-matrix.obj
e:\work\tju\oop\bighw\90-02-b1-gmw\debug\90-02-b1-main.obj
e:\work\tju\oop\bighw\90-02-b1-gmw\debug\90-02-b1-graph.obj
e:\work\tju\oop\bighw\90-02-b1-gmw\debug\matrix.obj
e:\work\tju\oop\bighw\90-02-b1-gmw\debug\io_tools.obj
e:\work\tju\oop\bighw\90-02-b1-gmw\debug\cmd_gmw_tools.obj
e:\work\tju\oop\bighw\90-02-b1-gmw\debug\cmd_console_tools.obj
e:\work\tju\oop\bighw\debug\90-02-b1-gmw.exe
e:\work\tju\oop\bighw\debug\90-02-b1-gmw.pdb
e:\work\tju\oop\bighw\90-02-b1-gmw\debug\90-02-b1-gmw.ilk
e:\work\tju\oop\bighw\90-02-b1-gmw\debug\90-02-b1-gmw.tlog\cl.command.1.tlog
e:\work\tju\oop\bighw\90-02-b1-gmw\debug\90-02-b1-gmw.tlog\cl.items.tlog
e:\work\tju\oop\bighw\90-02-b1-gmw\debug\90-02-b1-gmw.tlog\cl.read.1.tlog
e:\work\tju\oop\bighw\90-02-b1-gmw\debug\90-02-b1-gmw.tlog\cl.write.1.tlog
e:\work\tju\oop\bighw\90-02-b1-gmw\debug\90-02-b1-gmw.tlog\link.command.1.tlog
e:\work\tju\oop\bighw\90-02-b1-gmw\debug\90-02-b1-gmw.tlog\link.read.1.tlog
e:\work\tju\oop\bighw\90-02-b1-gmw\debug\90-02-b1-gmw.tlog\link.secondary.1.tlog
e:\work\tju\oop\bighw\90-02-b1-gmw\debug\90-02-b1-gmw.tlog\link.write.1.tlog
