e:\work\tju\oop\bighw\90-02-b1\debug\vc143.pdb
e:\work\tju\oop\bighw\90-02-b1\debug\vc143.idb
e:\work\tju\oop\bighw\90-02-b1\debug\90-02-b1-option.obj
e:\work\tju\oop\bighw\90-02-b1\debug\90-02-b1-matrix.obj
e:\work\tju\oop\bighw\90-02-b1\debug\90-02-b1-main.obj
e:\work\tju\oop\bighw\90-02-b1\debug\90-02-b1-graph.obj
e:\work\tju\oop\bighw\90-02-b1\debug\90-02-b1-base.obj
e:\work\tju\oop\bighw\90-02-b1\debug\menu.obj
e:\work\tju\oop\bighw\90-02-b1\debug\matrix.obj
e:\work\tju\oop\bighw\90-02-b1\debug\io_tools.obj
e:\work\tju\oop\bighw\90-02-b1\debug\cmd_console_tools.obj
e:\work\tju\oop\bighw\debug\90-02-b1.exe
e:\work\tju\oop\bighw\debug\90-02-b1.pdb
e:\work\tju\oop\bighw\90-02-b1\debug\90-02-b1.ilk
e:\work\tju\oop\bighw\90-02-b1\debug\90-02-b1.tlog\cl.command.1.tlog
e:\work\tju\oop\bighw\90-02-b1\debug\90-02-b1.tlog\cl.items.tlog
e:\work\tju\oop\bighw\90-02-b1\debug\90-02-b1.tlog\cl.read.1.tlog
e:\work\tju\oop\bighw\90-02-b1\debug\90-02-b1.tlog\cl.write.1.tlog
e:\work\tju\oop\bighw\90-02-b1\debug\90-02-b1.tlog\link.command.1.tlog
e:\work\tju\oop\bighw\90-02-b1\debug\90-02-b1.tlog\link.read.1.tlog
e:\work\tju\oop\bighw\90-02-b1\debug\90-02-b1.tlog\link.secondary.1.tlog
e:\work\tju\oop\bighw\90-02-b1\debug\90-02-b1.tlog\link.write.1.tlog
